<?xml version="1.0" encoding="UTF-8"?>
<!-- Generated by org.testng.reporters.JUnitXMLReporter -->
<testsuite hostname="DESKTOP-2CTQUAO" ignored="0" name="Surefire test" tests="2" failures="0" timestamp="31 Jul 2021 19:46:31 GMT" time="0.047" errors="0">
  <testcase name="BrowserAutomation" time="0.012" classname="qaclickacademymainproj.MavenJavaSubProj.SeleniumTest"/>
  <testcase name="elementsUi" time="0.001" classname="qaclickacademymainproj.MavenJavaSubProj.SeleniumTest"/>
</testsuite> <!-- Surefire test -->
