<?xml version="1.0" encoding="UTF-8"?>
<!-- Generated by org.testng.reporters.JUnitXMLReporter -->
<testsuite hostname="DESKTOP-2CTQUAO" ignored="0" name="Command line test" tests="6" failures="0" timestamp="13 Aug 2021 03:45:54 GMT" time="0.066" errors="0">
  <testcase name="IOSApps" time="0.017" classname="qaclickacademymainproj.MavenJavaSubProj.AppiumTest"/>
  <testcase name="NativeAppAndroid" time="0.0" classname="qaclickacademymainproj.MavenJavaSubProj.AppiumTest"/>
  <testcase name="deleteTwitter" time="0.001" classname="qaclickacademymainproj.MavenJavaSubProj.RestApiTest"/>
  <testcase name="postJira" time="0.0" classname="qaclickacademymainproj.MavenJavaSubProj.RestApiTest"/>
  <testcase name="BrowserAutomation" time="0.0" classname="qaclickacademymainproj.MavenJavaSubProj.SeleniumTest"/>
  <testcase name="elementsUi" time="0.0" classname="qaclickacademymainproj.MavenJavaSubProj.SeleniumTest"/>
</testsuite> <!-- Command line test -->
