<?xml version="1.0" encoding="UTF-8"?>
<!-- Generated by org.testng.reporters.JUnitXMLReporter -->
<testsuite hostname="DESKTOP-2CTQUAO" ignored="0" name="Test" tests="4" failures="0" timestamp="01 Aug 2021 06:43:33 GMT" time="0.05" errors="0">
  <testcase name="IOSApps" time="0.011" classname="qaclickacademymainproj.MavenJavaSubProj.AppiumTest"/>
  <testcase name="NativeAppAndroid" time="0.001" classname="qaclickacademymainproj.MavenJavaSubProj.AppiumTest"/>
  <testcase name="deleteTwitter" time="0.001" classname="qaclickacademymainproj.MavenJavaSubProj.RestApiTest"/>
  <testcase name="postJira" time="0.002" classname="qaclickacademymainproj.MavenJavaSubProj.RestApiTest"/>
</testsuite> <!-- Test -->
