<?xml version="1.0" encoding="UTF-8"?>
<testng-results skipped="0" failed="0" ignored="0" total="6" passed="6">
  <reporter-output>
  </reporter-output>
  <suite name="Command line suite" duration-ms="66" started-at="2021-08-13T03:45:53Z" finished-at="2021-08-13T03:45:54Z">
    <groups>
    </groups>
    <test name="Command line test" duration-ms="66" started-at="2021-08-13T03:45:53Z" finished-at="2021-08-13T03:45:54Z">
      <class name="qaclickacademymainproj.MavenJavaSubProj.AppiumTest">
        <test-method status="PASS" signature="IOSApps()[pri:0, instance:qaclickacademymainproj.MavenJavaSubProj.AppiumTest@3f2a3a5]" name="IOSApps" duration-ms="17" started-at="2021-08-13T03:45:53Z" finished-at="2021-08-13T03:45:54Z">
          <reporter-output>
          </reporter-output>
        </test-method> <!-- IOSApps -->
        <test-method status="PASS" signature="NativeAppAndroid()[pri:0, instance:qaclickacademymainproj.MavenJavaSubProj.AppiumTest@3f2a3a5]" name="NativeAppAndroid" duration-ms="0" started-at="2021-08-13T03:45:54Z" finished-at="2021-08-13T03:45:54Z">
          <reporter-output>
          </reporter-output>
        </test-method> <!-- NativeAppAndroid -->
      </class> <!-- qaclickacademymainproj.MavenJavaSubProj.AppiumTest -->
      <class name="qaclickacademymainproj.MavenJavaSubProj.SeleniumTest">
        <test-method status="PASS" signature="BrowserAutomation()[pri:0, instance:qaclickacademymainproj.MavenJavaSubProj.SeleniumTest@6fb554cc]" name="BrowserAutomation" duration-ms="0" started-at="2021-08-13T03:45:54Z" finished-at="2021-08-13T03:45:54Z">
          <reporter-output>
          </reporter-output>
        </test-method> <!-- BrowserAutomation -->
        <test-method status="PASS" signature="elementsUi()[pri:0, instance:qaclickacademymainproj.MavenJavaSubProj.SeleniumTest@6fb554cc]" name="elementsUi" duration-ms="0" started-at="2021-08-13T03:45:54Z" finished-at="2021-08-13T03:45:54Z">
          <reporter-output>
          </reporter-output>
        </test-method> <!-- elementsUi -->
      </class> <!-- qaclickacademymainproj.MavenJavaSubProj.SeleniumTest -->
      <class name="qaclickacademymainproj.MavenJavaSubProj.RestApiTest">
        <test-method status="PASS" signature="deleteTwitter()[pri:0, instance:qaclickacademymainproj.MavenJavaSubProj.RestApiTest@4cb2c100]" name="deleteTwitter" duration-ms="1" started-at="2021-08-13T03:45:54Z" finished-at="2021-08-13T03:45:54Z">
          <reporter-output>
          </reporter-output>
        </test-method> <!-- deleteTwitter -->
        <test-method status="PASS" signature="postJira()[pri:0, instance:qaclickacademymainproj.MavenJavaSubProj.RestApiTest@4cb2c100]" name="postJira" duration-ms="0" started-at="2021-08-13T03:45:54Z" finished-at="2021-08-13T03:45:54Z">
          <reporter-output>
          </reporter-output>
        </test-method> <!-- postJira -->
      </class> <!-- qaclickacademymainproj.MavenJavaSubProj.RestApiTest -->
    </test> <!-- Command line test -->
  </suite> <!-- Command line suite -->
</testng-results>
