<?xml version="1.0" encoding="UTF-8"?>
<testng-results skipped="0" failed="0" ignored="0" total="2" passed="2">
  <reporter-output>
  </reporter-output>
  <suite name="Default suite" duration-ms="185" started-at="2022-03-18T13:14:01Z" finished-at="2022-03-18T13:14:01Z">
    <groups>
    </groups>
    <test name="Default test" duration-ms="185" started-at="2022-03-18T13:14:01Z" finished-at="2022-03-18T13:14:01Z">
      <class name="qaclickacademymainproj.MavenJavaSubProj.SeleniumTest">
        <test-method status="PASS" signature="BrowserAutomation()[pri:0, instance:qaclickacademymainproj.MavenJavaSubProj.SeleniumTest@13deb50e]" name="BrowserAutomation" duration-ms="26" started-at="2022-03-18T13:14:01Z" finished-at="2022-03-18T13:14:01Z">
          <reporter-output>
          </reporter-output>
        </test-method> <!-- BrowserAutomation -->
        <test-method status="PASS" signature="elementsUi()[pri:0, instance:qaclickacademymainproj.MavenJavaSubProj.SeleniumTest@13deb50e]" name="elementsUi" duration-ms="3" started-at="2022-03-18T13:14:01Z" finished-at="2022-03-18T13:14:01Z">
          <reporter-output>
          </reporter-output>
        </test-method> <!-- elementsUi -->
      </class> <!-- qaclickacademymainproj.MavenJavaSubProj.SeleniumTest -->
    </test> <!-- Default test -->
  </suite> <!-- Default suite -->
</testng-results>
